init/main.c: In function 'do_one_initcall':
init/main.c:812:10: warning: 'calltime.tv64' may be used uninitialized in this function
In file included from kernel/sched.c:2003:0:
kernel/sched_fair.c: In function 'task_move_group_fair':
kernel/sched_fair.c:3711:23: warning: unused variable 'se'
kernel/sched.c: In function 'sched_init':
kernel/sched.c:7781:2: warning: ISO C90 forbids mixed declarations and code
kernel/sched.c:7782:28: warning: initialization from incompatible pointer type
/tmp/ccRVCWpx.s: Assembler messages:
/tmp/ccRVCWpx.s:140: Warning: swp{b} use is deprecated for this architecture
/tmp/ccgrtfdH.s: Assembler messages:
/tmp/ccgrtfdH.s:333: Warning: swp{b} use is deprecated for this architecture
/tmp/ccgrtfdH.s:562: Warning: swp{b} use is deprecated for this architecture
/tmp/ccgrtfdH.s:804: Warning: swp{b} use is deprecated for this architecture
/tmp/ccgrtfdH.s:1084: Warning: swp{b} use is deprecated for this architecture
/tmp/ccgrtfdH.s:2428: Warning: swp{b} use is deprecated for this architecture
/tmp/ccgrtfdH.s:5362: Warning: swp{b} use is deprecated for this architecture
/tmp/ccgrtfdH.s:5636: Warning: swp{b} use is deprecated for this architecture
/tmp/ccgrtfdH.s:5839: Warning: swp{b} use is deprecated for this architecture
/tmp/ccPKNd69.s: Assembler messages:
/tmp/ccPKNd69.s:1069: Warning: swp{b} use is deprecated for this architecture
/tmp/cc4XkLiN.s: Assembler messages:
/tmp/cc4XkLiN.s:92: Warning: swp{b} use is deprecated for this architecture
/tmp/cc4XkLiN.s:157: Warning: swp{b} use is deprecated for this architecture
fs/namespace.c: In function 'sys_mount':
fs/namespace.c:2122:8: warning: 'kernel_type' may be used uninitialized in this function
fs/namespace.c:2124:8: warning: 'kernel_dev' may be used uninitialized in this function
kernel/async.c: In function 'async_thread':
kernel/async.c:127:10: warning: 'calltime.tv64' may be used uninitialized in this function
kernel/async.c:127:10: note: 'calltime.tv64' was declared here
kernel/async.c: In function 'async_synchronize_cookie_domain':
kernel/async.c:283:10: warning: 'starttime.tv64' may be used uninitialized in this function
arch/arm/mach-msm/pm2.c:1597:8: warning: type defaults to 'int' in declaration of 'what_clk'
arch/arm/mach-msm/pm2.c:1598:8: warning: type defaults to 'int' in declaration of 'req_clk'
In file included from arch/arm/mach-msm/board-msm7x27.c:2:0:
arch/arm/mach-msm/board-callisto.c: In function 'msm7x2x_init_mmc':
arch/arm/mach-msm/board-callisto.c:2573:2: warning: ISO C90 forbids mixed declarations and code
arch/arm/mach-msm/board-msm7x27.c: At top level:
arch/arm/mach-msm/board-callisto.c:2040:13: warning: 'sdcc_gpio_init' defined but not used
arch/arm/mach-msm/msm_vibrator.c: In function 'vibrator_enable':
arch/arm/mach-msm/msm_vibrator.c:273:16: warning: unused variable 'flags'
drivers/base/power/main.c: In function 'pm_noirq_op.clone.12':
drivers/base/power/main.c:305:10: warning: 'calltime.tv64' may be used uninitialized in this function
kernel/cgroup.c: In function 'pidlist_array_load':
kernel/cgroup.c:2695:21: warning: 'it.task' may be used uninitialized in this function
kernel/cgroup.c: In function 'cgroup_scan_tasks':
kernel/cgroup.c:2447:21: warning: 'it.task' may be used uninitialized in this function
drivers/cpufreq/cpufreq_stats.c:184:13: warning: 'cpufreq_stats_free_sysfs' defined but not used
drivers/dpram/dpram.c: In function 'store_whitelist':
drivers/dpram/dpram.c:525:6: warning: unused variable 'i'
drivers/dpram/dpram.c: In function 'store_power_down':
drivers/dpram/dpram.c:553:6: warning: unused variable 'i'
drivers/dpram/dpram.c: In function 'store_cpu_gov':
drivers/dpram/dpram.c:572:6: warning: unused variable 'i'
drivers/gpu/msm/kgsl_ringbuffer.c: In function 'kgsl_ringbuffer_issueibcmds':
drivers/gpu/msm/kgsl_ringbuffer.c:783:3: warning: statement with no effect
drivers/gpu/msm/kgsl_yamato.c: In function 'kgsl_yamato_idle':
drivers/gpu/msm/kgsl_yamato.c:1028:15: warning: 'rbbm_status' may be used uninitialized in this function
drivers/gpu/msm/kgsl_yamato.c: In function 'kgsl_yamato_isr':
drivers/gpu/msm/kgsl_yamato.c:214:15: warning: 'status' may be used uninitialized in this function
drivers/gpu/msm/kgsl_yamato.c: In function 'kgsl_yamato_start':
drivers/gpu/msm/kgsl_yamato.c:442:15: warning: 'coreid' may be used uninitialized in this function
drivers/gpu/msm/kgsl_yamato.c:442:15: note: 'coreid' was declared here
drivers/gpu/msm/kgsl_yamato.c:442:23: warning: 'majorid' may be used uninitialized in this function
drivers/gpu/msm/kgsl_yamato.c:442:23: note: 'majorid' was declared here
drivers/gpu/msm/kgsl_yamato.c:442:50: warning: 'revid' may be used uninitialized in this function
drivers/gpu/msm/kgsl_yamato.c:442:50: note: 'revid' was declared here
drivers/gpu/msm/kgsl_g12.c: In function 'kgsl_g12_isr':
drivers/gpu/msm/kgsl_g12.c:140:15: warning: 'status' may be used uninitialized in this function
drivers/i2c/chips/mmc31xx.c: In function 'mmc31xx_ioctl':
drivers/i2c/chips/mmc31xx.c:376:16: warning: unused variable 'RM_Cnt'
drivers/i2c/chips/mmc31xx.c:375:9: warning: unused variable 'MD_times'
drivers/i2c/chips/kr3dm_accel_driver.c: In function 'kr3dm_i2c_write':
drivers/i2c/chips/kr3dm_accel_driver.c:323:2: warning: ISO C90 forbids mixed declarations and code
drivers/i2c/chips/kr3dm_accel_driver.c: In function 'kr3dm_i2c_read':
drivers/i2c/chips/kr3dm_accel_driver.c:352:16: warning: unused variable 'val'
drivers/i2c/chips/kr3dm_accel_driver.c:349:10: warning: unused variable 'i'
drivers/i2c/chips/kr3dm_accel_driver.c: In function 'kr3dm_probe':
drivers/i2c/chips/kr3dm_accel_driver.c:797:10: warning: assignment from incompatible pointer type
drivers/i2c/chips/kr3dm_accel_driver.c: At top level:
drivers/i2c/chips/kr3dm_accel_driver.c:985:1: warning: data definition has no type or storage class
drivers/i2c/chips/kr3dm_accel_driver.c:985:1: warning: type defaults to 'int' in declaration of 'I2C_CLIENT_INSMOD_1'
drivers/i2c/chips/kr3dm_accel_driver.c:985:1: warning: parameter names (without types) in function declaration
drivers/i2c/chips/kr3dm_accel_driver.c:1004:2: warning: initialization from incompatible pointer type
drivers/i2c/chips/kr3dm_accel_driver.c:984:23: warning: 'normal_i2c' defined but not used
drivers/i2c/chips/gp2a.c:759:1: warning: data definition has no type or storage class
drivers/i2c/chips/gp2a.c:759:1: warning: type defaults to 'int' in declaration of 'I2C_CLIENT_INSMOD_1'
drivers/i2c/chips/gp2a.c:759:1: warning: parameter names (without types) in function declaration
drivers/i2c/chips/gp2a.c:758:23: warning: 'normal_i2c' defined but not used
drivers/input/misc/gpio_matrix.c:59:5: warning: "AUTO_POWER_ON_OFF_FLAG" is not defined
drivers/input/misc/gpio_matrix.c:112:5: warning: "AUTO_POWER_ON_OFF_FLAG" is not defined
drivers/input/misc/gpio_matrix.c:378:20: warning: 'gpiokey_irq_handler' defined but not used
drivers/input/touchscreen/mXT140_ts.c: In function 'set_tsp_for_tunning_param':
drivers/input/touchscreen/mXT140_ts.c:1766:1: warning: control reaches end of non-void function
drivers/input/touchscreen/mXT140_ts.c: In function 'quantum_touch_probe':
drivers/input/touchscreen/mXT140_ts.c:951:5: warning: 'version' may be used uninitialized in this function
drivers/leds/leds-msm-pmic.c: In function 'msm_pmic_led_probe':
drivers/leds/leds-msm-pmic.c:88:15: warning: unused variable 'vreg_keyled'
drivers/leds/leds-msm-pmic.c:86:10: warning: unused variable 'ret'
drivers/md/dm.c: In function 'split_bvec':
drivers/md/dm.c:1118:3: warning: statement with no effect
drivers/md/dm.c: In function 'clone_bio':
drivers/md/dm.c:1146:3: warning: statement with no effect
drivers/md/dm-table.c: In function 'dm_table_set_integrity':
drivers/md/dm-table.c:1082:2: warning: statement with no effect
drivers/md/dm-table.c:1088:2: warning: statement with no effect
net/ipv4/netfilter/nf_nat_standalone.c: In function 'nf_nat_fn':
net/ipv4/netfilter/nf_nat_standalone.c:118:2: warning: case value '4' not in enumerated type 'enum ip_conntrack_info'
drivers/media/common/tuners/xc5000.c: In function 'xc_debug_dump.clone.18':
drivers/media/common/tuners/xc5000.c:587:6: warning: 'adc_envelope' may be used uninitialized in this function
drivers/media/common/tuners/xc5000.c:589:6: warning: 'lock_status' may be used uninitialized in this function
drivers/media/common/tuners/xc5000.c:591:6: warning: 'frame_lines' may be used uninitialized in this function
drivers/media/common/tuners/xc5000.c:592:6: warning: 'quality' may be used uninitialized in this function
drivers/media/common/tuners/xc5000.c: In function 'xc_load_fw_and_init_tuner':
drivers/media/common/tuners/xc5000.c:732:6: warning: 'id' may be used uninitialized in this function
drivers/media/common/tuners/xc5000.c:732:6: note: 'id' was declared here
drivers/media/common/tuners/xc5000.c: In function 'xc5000_set_params':
drivers/media/common/tuners/xc5000.c:732:6: warning: 'id' may be used uninitialized in this function
drivers/media/common/tuners/xc5000.c:732:6: note: 'id' was declared here
drivers/media/common/tuners/xc5000.c: In function 'xc5000_set_analog_params':
drivers/media/common/tuners/xc5000.c:732:6: warning: 'id' may be used uninitialized in this function
drivers/media/common/tuners/xc5000.c:732:6: note: 'id' was declared here
drivers/media/video/msm/msm_camera.c:55:0: warning: "pr_info" redefined
include/linux/kernel.h:397:0: note: this is the location of the previous definition
drivers/media/video/msm/s5k5ca.c: In function 'sensor_af_control':
drivers/media/video/msm/s5k5ca.c:1076:2: warning: 'return' with no value, in function returning non-void
drivers/media/video/msm/s5k5ca.c: In function 's5k5ca_set_sensor_mode':
drivers/media/video/msm/s5k5ca.c:1646:40: warning: unused variable 'i'
drivers/media/video/msm/s5k5ca.c: In function 's5k5ca_sensor_release':
drivers/media/video/msm/s5k5ca.c:2069:14: warning: unused variable 'switch_i2c_addr'
drivers/media/video/msm/s5k5ca.c: In function 'sensor_af_control':
drivers/media/video/msm/s5k5ca.c:995:18: warning: 'af_status' may be used uninitialized in this function
drivers/media/video/msm/s5k5ca.c: In function 'sensor_rough_control':
drivers/media/video/msm/s5k5ca.c:1140:19: warning: 'lsb' may be used uninitialized in this function
drivers/media/video/msm/s5k5ca.c:1140:24: warning: 'msb' may be used uninitialized in this function
drivers/media/video/msm/s5k5ca.c:1140:29: warning: 'rough_iso' may be used uninitialized in this function
net/unix/af_unix.c: In function 'unix_dgram_sendmsg':
net/unix/af_unix.c:1394:11: warning: 'hash' may be used uninitialized in this function
net/unix/af_unix.c: In function 'unix_dgram_connect':
net/unix/af_unix.c:938:11: warning: 'hash' may be used uninitialized in this function
net/unix/af_unix.c: In function 'unix_bind':
net/unix/af_unix.c:792:11: warning: 'hash' may be used uninitialized in this function
net/unix/af_unix.c: In function 'unix_stream_connect':
net/unix/af_unix.c:1036:11: warning: 'hash' may be used uninitialized in this function
drivers/power/callisto_battery.c: In function 'calculate_batt_voltage':
drivers/power/callisto_battery.c:1191:6: warning: unused variable 'i'
drivers/power/callisto_battery.c:1190:13: warning: unused variable 'batt_val'
drivers/power/callisto_battery.c:1189:13: warning: unused variable 'BatAvg'
drivers/power/callisto_battery.c:1188:13: warning: unused variable 'BatCount'
drivers/power/callisto_battery.c:1187:6: warning: unused variable 'BatSum'
drivers/power/callisto_battery.c:1186:13: warning: unused variable 'BatMin'
drivers/power/callisto_battery.c:1185:13: warning: unused variable 'BatMax'
drivers/staging/android/logger.c: In function 'gaf_proc':
drivers/staging/android/logger.c:56:19: warning: multi-character character constant
drivers/staging/android/logger.c:57:19: warning: multi-character character constant
drivers/staging/android/logger.c: In function 'gaf_helper':
drivers/staging/android/logger.c:77:18: warning: assignment from incompatible pointer type
drivers/staging/android/logger.c:78:2: warning: passing argument 1 of 'wake_up_process' from incompatible pointer type
include/linux/sched.h:2027:12: note: expected 'struct task_struct *' but argument is of type 'unsigned int *'
drivers/staging/android/logger.c:81:18: warning: assignment makes pointer from integer without a cast
drivers/staging/android/logger.c:82:15: warning: assignment makes pointer from integer without a cast
drivers/staging/android/logger.c:84:34: warning: assignment makes integer from pointer without a cast
drivers/staging/android/logger.c:85:34: warning: assignment makes integer from pointer without a cast
drivers/staging/android/logger.c:86:34: warning: assignment makes integer from pointer without a cast
drivers/staging/android/logger.c:89:2: warning: format '%x' expects type 'unsigned int', but argument 2 has type 'unsigned int *'
drivers/staging/android/logger.c:90:2: warning: format '%x' expects type 'unsigned int', but argument 2 has type 'unsigned int *'
drivers/staging/android/logger.c:92:2: warning: format '%x' expects type 'unsigned int', but argument 2 has type 'unsigned int *'
drivers/staging/android/logger.c:76:20: warning: ignoring return value of 'down_interruptible', declared with attribute warn_unused_result
drivers/staging/android/logger.c: In function 'gaf_proc':
drivers/staging/android/logger.c:59:20: warning: ignoring return value of 'down_interruptible', declared with attribute warn_unused_result
drivers/usb/gadget/msm72k_udc.c: In function 'msm72k_vbus_get_state':
drivers/usb/gadget/msm72k_udc.c:2137:18: warning: unused variable 'otg'
In file included from drivers/usb/gadget/android.c:50:0:
drivers/usb/gadget/composite.c: In function 'composite_setup':
drivers/usb/gadget/composite.c:833:6: warning: unused variable 'id'
drivers/usb/gadget/composite.c:832:6: warning: unused variable 'tmp'
drivers/usb/gadget/android.c: In function 'android_bind':
drivers/usb/gadget/android.c:300:8: warning: unused variable 'gcnum'
drivers/usb/gadget/android.c: In function 'android_enable_function':
drivers/usb/gadget/android.c:532:23: warning: unused variable 'func'
drivers/usb/gadget/android.c: At top level:
drivers/usb/gadget/android.c:231:12: warning: 'product_has_function' defined but not used
drivers/usb/gadget/f_acm.c:820:1: warning: 'acm_interface_id_set' defined but not used
In file included from drivers/usb/host/ehci-hcd.c:1165:0:
drivers/usb/host/ehci-msm.c: In function 'msm_hsusb_request_host':
drivers/usb/host/ehci-msm.c:455:21: warning: unused variable 'udev'
drivers/usb/host/ehci-hcd.c: At top level:
drivers/usb/host/ehci-hub.c:109:13: warning: 'ehci_adjust_port_wakeup_flags' defined but not used
drivers/usb/host/ehci-hub.c:1266:12: warning: 'ehci_port_handed_over' defined but not used
drivers/usb/host/ehci-hcd.c:426:13: warning: 'ehci_port_power' defined but not used
drivers/usb/host/ehci-hcd.c:627:12: warning: 'ehci_run' defined but not used
drivers/usb/host/ehci-hcd.c:1061:1: warning: 'ehci_endpoint_reset' defined but not used
drivers/usb/gadget/f_serial.c: In function 'fserial_modem_bind_config':
drivers/usb/gadget/f_serial.c:744:6: warning: unused variable 'ret'
drivers/usb/gadget/f_mass_storage.c:3136:35: warning: 'fsg_strings_array' defined but not used
ERROR: modpost: Found 3 section mismatch(es).
To see full details build your kernel with:
'make CONFIG_DEBUG_SECTION_MISMATCH=y'
